Loading mods from "E:\lzc\server\mods.json"
Connecting to storage
Terrain shared buffer size: 357500
Source Keeper error SyntaxError: Unexpected token u in JSON at position 0
    at JSON.parse (<anonymous>)
    at global._init.global._start (<runtime>:16114:45)
    at (<isolated-vm boundary>)
    at make (E:\lzc\server\node_modules\@screeps\driver\lib\runtime\make.js:180:34)
isolated-vm timeout a1123272b261687
isolated-vm timeout e3b732c504eb83a
isolated-vm timeout a1123272b261687
isolated-vm timeout e3b732c504eb83a
isolated-vm timeout 3
Source Keeper error Script execution timed out ungracefully, restarting virtual machine
Source Keeper error Error: Isolate was disposed during execution
    at (<isolated-vm boundary>)
    at make (E:\lzc\server\node_modules\@screeps\driver\lib\runtime\make.js:180:34)
    at _tickCallback (internal/process/next_tick.js:188:7)
isolated-vm timeout c02adb90bf70848
isolated-vm timeout c02adb90bf70848
isolated-vm timeout e3b732c504eb83a
isolated-vm timeout 17c332744f825c7
isolated-vm timeout a1123272b261687
isolated-vm timeout a1123272b261687
isolated-vm timeout a1123272b261687
isolated-vm timeout c02adb90bf70848
isolated-vm timeout eea532c5a2f9e44
isolated-vm timeout 17c332744f825c7
isolated-vm timeout c02adb90bf70848
isolated-vm timeout a1123272b261687
isolated-vm timeout e3b732c504eb83a
isolated-vm timeout a1123272b261687
isolated-vm timeout a1123272b261687
isolated-vm timeout a1123272b261687
isolated-vm timeout a1123272b261687
isolated-vm timeout a1123272b261687
isolated-vm timeout a1123272b261687
isolated-vm timeout 17c332744f825c7
isolated-vm timeout 3
Source Keeper error Script execution timed out ungracefully, restarting virtual machine
isolated-vm timeout eea532c5a2f9e44
isolated-vm timeout 17c332744f825c7
isolated-vm timeout a1123272b261687
isolated-vm timeout e3b732c504eb83a
isolated-vm timeout eea532c5a2f9e44
isolated-vm timeout 3
Source Keeper error Script execution timed out ungracefully, restarting virtual machine
isolated-vm timeout e3b732c504eb83a
isolated-vm timeout eea532c5a2f9e44
isolated-vm timeout a1123272b261687
isolated-vm timeout e3b732c504eb83a
isolated-vm timeout eea532c5a2f9e44
isolated-vm timeout c02adb90bf70848
isolated-vm timeout c02adb90bf70848
isolated-vm timeout 3
isolated-vm timeout e3b732c504eb83a
isolated-vm timeout 17c332744f825c7
Source Keeper error Script execution timed out ungracefully, restarting virtual machine
isolated-vm timeout c02adb90bf70848
isolated-vm timeout c02adb90bf70848
